2019-10-08 22:00:01.333  [http-nio-8084-exec-1] DEBUG [com.mooc.house.hsrv.mapper.HouseMapper.selectHouse:] http-nio-8084-exec-1cid - ==>  Preparing: select a.id , a.type, a.name, a.price, a.images , a.area , a.beds , a.baths , a.rating , a.remarks , a.properties , a.floor_plan , a.tags , a.create_time , a.city_id , a.community_id , a.address, a.state, b.user_id from house a inner join ( select house_id,user_id from house_user WHERE type = 1 ) b on a.id = b.house_id WHERE state = 1 order by a.create_time desc limit ?, ? 
2019-10-08 22:00:01.359  [http-nio-8084-exec-1] DEBUG [2019-10-08 22:00:13.771  [http-nio-8083-exec-3] DEBUG [com.mooc.house.user.mapper.UserMapper.select:] http-nio-8083-exec-3cid - ==>  Preparing: select id, name, phone, email, aboutme, passwd, avatar, type, create_time, enable, agency_id from user WHERE email = ? 
2019-102019-10-08 22:00:14.529  [http-nio-8084-exec-2] DEBUG [com.mooc.house.hsrv.mapper.HouseMapper.selectHouse:] http-nio-8084-exec-2cid - ==>  Preparing: select a.id , a.type, a.name, a.price, a.images , a.area , a.beds , a.baths , a.rating , a.remarks , a.properties , a.floor_plan , a.tags , a.create_time , a.cit2019-10-08 22:00:17.775  [http-nio-8083-exec-4] DEBUG [com.mooc.house.user.mapper.UserMapper.select:] http-nio-8083-exec-4cid - ==>  Preparing: select id, name, phone, email, aboutme, passwd, avatar, type, create_time, enable, agency_id from user WHERE email = ? 
2019-10-08 22:00:17.776  [http-nio-8083-exec-4] DEBUG [com.mooc.house.user.mapper.UserMapper.select:] http-nio-8083-exec-4cid - ==> Parameters: 1185703656@qq.com(String)
2019-10-08 22:00:17.778  [http-nio-8083-exec-4] DEBUG [com.mooc.house.user.mapper.UserMapper.select:] http-n2019-10-08 22:00:19.429  [http-nio-8084-exec-3] DEBUG [com.mooc.house.hsrv.mapper.HouseMapper.selectHouse:] http-nio-8084-exec-3cid - ==>  Preparing: select a.id , a.type, a.name, a.price, a.images , a.area , a.beds , a.baths , a.rating , a.remarks , a.properties , a.floor_plan , a.tags , a.create_time , a.city_id , a.community_id , a.address, a.state, b.user_id from house a inner join ( select house_id,user_id from house_user WHERE type = 1 ) b on a.id = b.house_id WHERE state = 1 and a.type = ? order by a.create_time desc limit ?, ? 
2019-10-08 22:00:19.431  [http-nio-8084-exec-3] DEBUG [com.mooc.house.hsrv.mapp2019-10-08 22:00:32.212  [http-nio-8083-exec-6] DEBUG [com.mooc.house.user.mapper.UserMapper.select:] http-nio-8083-exec-6cid - ==>  Preparing: select id, name, phone, email, aboutme, passwd, avatar, type, create_time, enable, agency_id from user WHERE email = ? 
2019-10-08 22:00:32.214  [http-nio-8083-exec-6] DEBUG [com.mooc.house.user.mapper.UserMapper.select:] http-nio-8083-exec-6cid - ==> Parameters: 1185703656@qq.com(String)
2019-10-08 22:00:32.216  [http-nio-8083-exec-6] DEBUG [com.mooc.house.user.mapper.UserMapper.select:] http-nio-8083-exec-6cid - <==      Total: 1
2019-10-08 22:00:47.233  [http-nio-8083-exec-7] DEBUG [com.mooc.house.user.mapper.UserMapper.select:] http-nio-8083-exec-7cid - ==>  Preparing: select id, name, phone, email, aboutme, passwd, avatar, type, create_time, enable, agency_id from user WHERE email = ? 
2019-10-08 22:00:47.233  [http-nio-8083-exec-7] DEBUG [com.mooc.house.user.mapper.UserMapper.select:] http-nio-8083-exec-7cid - ==> Parameters: 1185703656@qq.com(String)
2019-10-08 22:00:47.235  [http-nio-8083-exec-7] DEBUG [com.mooc.house.user.mapper.UserMapper.select:] http-nio-8083-exec-7cid - <==      Total: 1
oor_plan , a.tags , a.create_time , a.city_id , a.community_id , a.address, a.state, b.user_id from house a inner join ( select house_id,user_id from house_user WHERE type = 1 ) b on a.id = b.house_id WHERE state = 1 order by a.create_time desc limit ?, ? 
2019-10-08 22:00:19.585  [http-nio-8084-exec-4] DEBUG [com.mooc.house.hsrv.mapper.HouseMapper.selectHouse:] http-nio-8084-exec-4cid - ==> Parameters: 0(Integer), 2(Integer)
2019-10-08 22:00:19.594  [http-nio-8084-exec-4] DEBUG [com.mooc.house.hsrv.mapper.HouseMapper.selectHouse:] http-nio-8084-exec-4cid - <==      Total: 2
2019-10-08 22:00:19.595  [http-nio-8084-exec-4] DEBUG [com.mooc.house.hsrv.mapper.HouseMapper.selectHouseCount:] http-nio-8084-exec-4cid - ==>  Preparing: select count(id) from house a inner join ( select house_id,user_id from house_user WHERE type = 1 ) b on a.id = b.house_id WHERE state = 1 
2019-10-08 22:00:19.596  [http-nio-8084-exec-4] DEBUG [com.mooc.house.hsrv.mapper.HouseMapper.selectHouseCount:] http-nio-8084-exec-4cid - ==> Parameters: 
2019-10-08 22:00:19.598  [http-nio-8084-exec-4] DEBUG [com.mooc.house.hsrv.mapper.HouseMapper.selectHouseCount:] http-nio-8084-exec-4cid - <==      Total: 1
2019-10-08 22:00:20.003  [http-nio-8084-exec-5] DEBUG [com.mooc.house.hsrv.mapper.HouseMapper.selectHouse:] http-nio-8084-exec-5cid - ==>  Preparing: select a.id , a.type, a.name, a.price, a.images , a.area , a.beds , a.baths , a.rating , a.remarks , a.properties , a.floor_plan , a.tags , a.create_time , a.city_id , a.community_id , a.address, a.state, b.user_id from house a inner join ( select house_id,user_id from house_user WHERE type = 1 ) b on a.id = b.house_id WHERE state = 1 order by a.create_time desc limit ?, ? 
2019-10-08 22:00:20.004  [http-nio-8084-exec-5] DEBUG [com.mooc.house.hsrv.mapper.HouseMapper.selectHouse:] http-nio-8084-exec-5cid - ==> Parameters: 0(Integer), 3(Integer)
2019-10-08 22:00:20.009  [http-nio-8084-exec-5] DEBUG [com.mooc.house.hsrv.mapper.HouseMapper.selectHouse:] http-nio-8084-exec-5cid - <==      Total: 3
2019-10-08 22:00:20.065  [http-nio-8084-exec-6] DEBUG [com.mooc.house.hsrv.mapper.HouseMapper.selectHouse:] http-nio-8084-exec-6cid - ==>  Preparing: select a.id , a.type, a.name, a.price, a.images , a.area , a.beds , a.baths , a.rating , a.remarks , a.properties , a.floor_plan , a.tags , a.create_time , a.city_id , a.community_id , a.address, a.state, b.user_id from house a inner join ( select house_id,user_id from house_user WHERE type = 1 ) b on a.id = b.house_id WHERE state = 1 order by a.create_time desc limit ?, ? 
2019-10-08 22:00:20.067  [http-nio-8084-exec-6] DEBUG [com.mooc.house.hsrv.mapper.HouseMapper.selectHouse:] http-nio-8084-exec-6cid - ==> Parameters: 0(Integer), 3(Integer)
2019-10-08 22:00:20.070  [http-nio-8084-exec-6] DEBUG [com.mooc.house.hsrv.mapper.HouseMapper.selectHouse:] http-nio-8084-exec-6cid - <==      Total: 3
2019-10-08 22:00:32.900  [http-nio-8084-exec-7] DEBUG [com.mooc.house.hsrv.mapper.HouseMapper.selectHouse:] http-nio-8084-exec-7cid - ==>  Preparing: select a.id , a.type, a.name, a.price, a.images , a.area , a.beds , a.baths , a.rating , a.remarks , a.properties , a.floor_plan , a.tags , a.create_time , a.city_id , a.community_id , a.address, a.state, b.user_id from house a inner join ( select house_id,user_id from house_user WHERE type = 1 ) b on a.id = b.house_id WHERE state = 1 and a.type = ? order by a.create_time desc limit ?, ? 
2019-10-08 22:00:32.901  [http-nio-8084-exec-7] DEBUG [com.mooc.house.hsrv.mapper.HouseMapper.selectHouse:] http-nio-8084-exec-7cid - ==> Parameters: 2(Integer), 0(Integer), 2(Integer)
2019-10-08 22:00:32.904  [http-nio-8084-exec-7] DEBUG [com.mooc.house.hsrv.mapper.HouseMapper.selectHouse:] http-nio-8084-exec-7cid - <==      Total: 1
2019-10-08 22:00:32.906  [http-nio-8084-exec-7] DEBUG [com.mooc.house.hsrv.mapper.HouseMapper.selectHouseCount:] http-nio-8084-exec-7cid - ==>  Preparing: select count(id) from house a inner join ( select house_id,user_id from house_user WHERE type = 1 ) b on a.id = b.house_id WHERE state = 1 and a.type = ? 
2019-10-08 22:00:32.906  [http-nio-8084-exec-7] DEBUG [com.mooc.house.hsrv.mapper.HouseMapper.selectHouseCount:] http-nio-8084-exec-7cid - ==> Parameters: 2(Integer)
2019-10-08 22:00:32.908  [http-nio-8084-exec-7] DEBUG [com.mooc.house.hsrv.mapper.HouseMapper.selectHouseCount:] http-nio-8084-exec-7cid - <==      Total: 1
2019-10-08 22:00:33.251  [http-nio-8084-exec-8] DEBUG [com.mooc.house.hsrv.mapper.HouseMapper.selectHouse:] http-nio-8084-exec-8cid - ==>  Preparing: select a.id , a.type, a.name, a.price, a.images , a.area , a.beds , a.baths , a.rating , a.remarks , a.properties , a.floor_plan , a.tags , a.create_time , a.city_id , a.community_id , a.address, a.state, b.user_id from house a inner join ( select house_id,user_id from house_user WHERE type = 1 ) b on a.id = b.house_id WHERE state = 1 order by a.create_time desc limit ?, ? 
2019-10-08 22:00:33.252  [http-nio-8084-exec-8] DEBUG [com.mooc.house.hsrv.mapper.HouseMapper.selectHouse:] http-nio-8084-exec-8cid - ==> Parameters: 0(Integer), 3(Integer)
2019-10-08 22:00:33.256  [http-nio-8084-exec-8] DEBUG [com.mooc.house.hsrv.mapper.HouseMapper.selectHouse:] http-nio-8084-exec-8cid - <==      Total: 3
2019-10-08 22:00:47.998  [http-nio-8084-exec-9] DEBUG [com.mooc.house.hsrv.mapper.HouseMapper.selectHouse:] http-nio-8084-exec-9cid - ==>  Preparing: select a.id , a.type, a.name, a.price, a.images , a.area , a.beds , a.baths , a.rating , a.remarks , a.properties , a.floor_plan , a.tags , a.create_time , a.city_id , a.community_id , a.address, a.state, b.user_id from house a inner join ( select house_id,user_id from house_user WHERE type = 1 ) b on a.id = b.house_id WHERE state = 1 and a.id = ? order by a.create_time desc limit ?, ? 
2019-10-08 22:00:48.000  [http-nio-8084-exec-9] DEBUG [com.mooc.house.hsrv.mapper.HouseMapper.selectHouse:] http-nio-8084-exec-9cid - ==> Parameters: 25(Long), 0(Integer), 1(Integer)
2019-10-08 22:00:48.002  [http-nio-8084-exec-9] DEBUG [com.mooc.house.hsrv.mapper.HouseMapper.selectHouse:] http-nio-8084-exec-9cid - <==      Total: 1
